punisher rom file not exist!!
snowbros rom file not exist!!
64street rom file not exist!!
2020bb rom file not exist!!
afighter rom file not exist!!
agallet rom file not exist!!
airbustr rom file not exist!!
airduel rom file not exist!!
airwolf rom file not exist!!
alexkidd rom file not exist!!
alpham2 rom file not exist!!
altbeast rom file not exist!!
amidar rom file not exist!!
androdun rom file not exist!!
aof rom file not exist!!
aof2 rom file not exist!!
aof3 rom file not exist!!
arabian rom file not exist!!
arkanoid rom file not exist!!
arknoid2 rom file not exist!!
aso rom file not exist!!
asterix rom file not exist!!
asuka rom file not exist!!
asurabld rom file not exist!!
asurabus rom file not exist!!
atetris rom file not exist!!
athena rom file not exist!!
atlantis rom file not exist!!
aurail rom file not exist!!
avengrgs rom file not exist!!
avspirit rom file not exist!!
baddudes rom file not exist!!
bagman rom file not exist!!
baluba rom file not exist!!
bangbead rom file not exist!!
bankp rom file not exist!!
batcira rom file not exist!!
batman rom file not exist!!
batridrk rom file not exist!!
battlane rom file not exist!!
battlcry rom file not exist!!
bbakraid rom file not exist!!
bbmanw rom file not exist!!
bcruzm12 rom file not exist!!
bcstry rom file not exist!!
benberob rom file not exist!!
berlwall rom file not exist!!
bgaregga rom file not exist!!
bionicc rom file not exist!!
bjourney rom file not exist!!
bjtwin rom file not exist!!
blazeon rom file not exist!!
blazstar rom file not exist!!
blktiger rom file not exist!!
block rom file not exist!!
blockcar rom file not exist!!
bloodbro rom file not exist!!
blswhstl rom file not exist!!
bnzabros rom file not exist!!
bombjack rom file not exist!!
bombrman rom file not exist!!
bonkadv rom file not exist!!
boogwing rom file not exist!!
brkthru rom file not exist!!
brubber rom file not exist!!
bssoccer rom file not exist!!
bstars2 rom file not exist!!
btime rom file not exist!!
btlecity rom file not exist!!
bubblem rom file not exist!!
bublbob2 rom file not exist!!
bublbobl rom file not exist!!
